I, [2021-09-08T08:45:09.023981 #34338]  INFO -- Kitchen: -----> Starting Test Kitchen (v2.3.4)
I, [2021-09-08T08:45:10.166581 #34338]  INFO -- Kitchen: -----> Destroying <base-centos-76>...
I, [2021-09-08T08:45:10.167758 #34338]  INFO -- Kitchen: -----> Destroying <ebizdev1-centos-76>...
I, [2021-09-08T08:45:10.168978 #34338]  INFO -- Kitchen: -----> Destroying <ebizdev2-centos-76>...
I, [2021-09-08T08:45:15.187537 #34338]  INFO -- Kitchen: -----> Destroying <ebizdev3-centos-76>...
I, [2021-09-08T08:45:15.188256 #34338]  INFO -- Kitchen: -----> Destroying <apps01-centos-76>...
I, [2021-09-08T08:45:15.188885 #34338]  INFO -- Kitchen: -----> Destroying <apps03-centos-76>...
I, [2021-09-08T08:45:15.189595 #34338]  INFO -- Kitchen: -----> Destroying <apps08-centos-76>...
I, [2021-09-08T08:45:15.190157 #34338]  INFO -- Kitchen: -----> Destroying <apps06-centos-76>...
I, [2021-09-08T08:45:15.190796 #34338]  INFO -- Kitchen: -----> Destroying <apps07-centos-76>...
I, [2021-09-08T08:45:15.191456 #34338]  INFO -- Kitchen: -----> Destroying <web01-centos-76>...
I, [2021-09-08T08:45:15.192056 #34338]  INFO -- Kitchen: -----> Destroying <publisher-centos-76>...
I, [2021-09-08T08:45:15.192700 #34338]  INFO -- Kitchen: -----> Destroying <author-centos-76>...
I, [2021-09-08T08:45:15.193276 #34338]  INFO -- Kitchen: -----> Destroying <tools01-centos-76>...
I, [2021-09-08T08:45:15.193843 #34338]  INFO -- Kitchen: -----> Destroying <sensugo-centos-76>...
I, [2021-09-08T08:45:15.194621 #34338]  INFO -- Kitchen: -----> Destroying <ebiz-tools-centos-76>...
I, [2021-09-08T08:45:15.195239 #34338]  INFO -- Kitchen: -----> Destroying <analytics-centos-76>...
I, [2021-09-08T08:45:15.195854 #34338]  INFO -- Kitchen: -----> Destroying <supportportal-centos-76>...
I, [2021-09-08T08:45:15.196426 #34338]  INFO -- Kitchen: -----> Destroying <bamboo-centos-76>...
I, [2021-09-08T08:45:15.196973 #34338]  INFO -- Kitchen: -----> Destroying <dispatcher-centos-76>...
I, [2021-09-08T08:45:15.197488 #34338]  INFO -- Kitchen: -----> Destroying <splunk-centos-76>...
I, [2021-09-08T08:45:15.197978 #34338]  INFO -- Kitchen: -----> Destroying <pingfederate-centos-76>...
I, [2021-09-08T08:45:15.198465 #34338]  INFO -- Kitchen: -----> Destroying <pingfed-cluster-centos-76>...
I, [2021-09-08T08:45:15.198953 #34338]  INFO -- Kitchen: -----> Destroying <mychart-centos-76>...
I, [2021-09-08T08:45:15.199508 #34338]  INFO -- Kitchen: -----> Destroying <jenkins-centos-76>...
I, [2021-09-08T08:45:15.200018 #34338]  INFO -- Kitchen: -----> Destroying <neprofile-db-centos-76>...
I, [2021-09-08T08:45:15.200510 #34338]  INFO -- Kitchen: -----> Destroying <payment-gateway-centos-76>...
I, [2021-09-08T08:45:15.201055 #34338]  INFO -- Kitchen: -----> Test Kitchen is finished. (0m6.18s)
